Determining if the pthread_create exist failed with the following output:
Change Dir: /home/drone-simulator/mint_ws/build/CMakeFiles/CMakeTmp

Run Build Command:"/usr/bin/make" "cmTC_fe884/fast"
/usr/bin/make -f CMakeFiles/cmTC_fe884.dir/build.make CMakeFiles/cmTC_fe884.dir/build
make[1]: 디렉터리 '/home/drone-simulator/mint_ws/build/CMakeFiles/CMakeTmp' 들어감
Building C object CMakeFiles/cmTC_fe884.dir/CheckSymbolExists.c.o
/usr/bin/cc    -o CMakeFiles/cmTC_fe884.dir/CheckSymbolExists.c.o   -c /home/drone-simulator/mint_ws/build/CMakeFiles/CMakeTmp/CheckSymbolExists.c
Linking C executable cmTC_fe884
/usr/bin/cmake -E cmake_link_script CMakeFiles/cmTC_fe884.dir/link.txt --verbose=1
/usr/bin/cc      -rdynamic CMakeFiles/cmTC_fe884.dir/CheckSymbolExists.c.o  -o cmTC_fe884 
CMakeFiles/cmTC_fe884.dir/CheckSymbolExists.c.o: In function `main':
CheckSymbolExists.c:(.text+0x1b): undefined reference to `pthread_create'
collect2: error: ld returned 1 exit status
CMakeFiles/cmTC_fe884.dir/build.make:97: recipe for target 'cmTC_fe884' failed
make[1]: *** [cmTC_fe884] Error 1
make[1]: 디렉터리 '/home/drone-simulator/mint_ws/build/CMakeFiles/CMakeTmp' 나감
Makefile:126: recipe for target 'cmTC_fe884/fast' failed
make: *** [cmTC_fe884/fast] Error 2

File /home/drone-simulator/mint_ws/build/CMakeFiles/CMakeTmp/CheckSymbolExists.c:
/* */
#include <pthread.h>

int main(int argc, char** argv)
{
  (void)argv;
#ifndef pthread_create
  return ((int*)(&pthread_create))[argc];
#else
  (void)argc;
  return 0;
#endif
}

Determining if the function pthread_create exists in the pthreads failed with the following output:
Change Dir: /home/drone-simulator/mint_ws/build/CMakeFiles/CMakeTmp

Run Build Command:"/usr/bin/make" "cmTC_81764/fast"
/usr/bin/make -f CMakeFiles/cmTC_81764.dir/build.make CMakeFiles/cmTC_81764.dir/build
make[1]: 디렉터리 '/home/drone-simulator/mint_ws/build/CMakeFiles/CMakeTmp' 들어감
Building C object CMakeFiles/cmTC_81764.dir/CheckFunctionExists.c.o
/usr/bin/cc   -DCHECK_FUNCTION_EXISTS=pthread_create   -o CMakeFiles/cmTC_81764.dir/CheckFunctionExists.c.o   -c /usr/share/cmake-3.10/Modules/CheckFunctionExists.c
Linking C executable cmTC_81764
/usr/bin/cmake -E cmake_link_script CMakeFiles/cmTC_81764.dir/link.txt --verbose=1
/usr/bin/cc  -DCHECK_FUNCTION_EXISTS=pthread_create    -rdynamic CMakeFiles/cmTC_81764.dir/CheckFunctionExists.c.o  -o cmTC_81764 -lpthreads 
/usr/bin/ld: cannot find -lpthreads
collect2: error: ld returned 1 exit status
CMakeFiles/cmTC_81764.dir/build.make:97: recipe for target 'cmTC_81764' failed
make[1]: *** [cmTC_81764] Error 1
make[1]: 디렉터리 '/home/drone-simulator/mint_ws/build/CMakeFiles/CMakeTmp' 나감
Makefile:126: recipe for target 'cmTC_81764/fast' failed
make: *** [cmTC_81764/fast] Error 2


